<?xml version="1.0" encoding="UTF-8"?>
<!-- Generated by org.testng.reporters.JUnitXMLReporter -->
<testsuite hostname="dell-PC" ignored="0" name="Command line test" tests="6" failures="0" timestamp="19 Oct 2019 06:50:12 GMT" time="0.039" errors="0">
  <testcase name="IOSApps" time="0.007" classname="com.mycompany.app.AppiumTest"/>
  <testcase name="NativeAtomation" time="0.0" classname="com.mycompany.app.AppiumTest"/>
  <testcase name="deleteTwitter" time="0.0" classname="com.mycompany.app.RestAPITest"/>
  <testcase name="postZira" time="0.0" classname="com.mycompany.app.RestAPITest"/>
  <testcase name="BrowserAutomation" time="0.0" classname="com.mycompany.app.SeleniumTest"/>
  <testcase name="elementUI" time="0.0" classname="com.mycompany.app.SeleniumTest"/>
</testsuite> <!-- Command line test -->
