<?xml version="1.0" encoding="UTF-8"?>
<!-- Generated by org.testng.reporters.JUnitXMLReporter -->
<testsuite hostname="dell-PC" ignored="0" name="Test" tests="4" failures="0" timestamp="19 Oct 2019 06:51:00 GMT" time="0.039" errors="0">
  <testcase name="deleteTwitter" time="0.007" classname="com.mycompany.app.RestAPITest"/>
  <testcase name="postZira" time="0.0" classname="com.mycompany.app.RestAPITest"/>
  <testcase name="BrowserAutomation" time="0.0" classname="com.mycompany.app.SeleniumTest"/>
  <testcase name="elementUI" time="0.0" classname="com.mycompany.app.SeleniumTest"/>
</testsuite> <!-- Test -->
