<?xml version="1.0" encoding="UTF-8"?>
<testng-results skipped="0" failed="0" ignored="0" total="4" passed="4">
  <reporter-output>
  </reporter-output>
  <suite name="Suite" duration-ms="39" started-at="2019-10-19T06:51:00Z" finished-at="2019-10-19T06:51:00Z">
    <groups>
    </groups>
    <test name="Test" duration-ms="39" started-at="2019-10-19T06:51:00Z" finished-at="2019-10-19T06:51:00Z">
      <class name="com.mycompany.app.SeleniumTest">
        <test-method status="PASS" signature="BrowserAutomation()[pri:0, instance:com.mycompany.app.SeleniumTest@d3bd8b]" name="BrowserAutomation" duration-ms="0" started-at="2019-10-19T06:51:00Z" finished-at="2019-10-19T06:51:00Z">
          <reporter-output>
          </reporter-output>
        </test-method> <!-- BrowserAutomation -->
        <test-method status="PASS" signature="elementUI()[pri:0, instance:com.mycompany.app.SeleniumTest@d3bd8b]" name="elementUI" duration-ms="0" started-at="2019-10-19T06:51:00Z" finished-at="2019-10-19T06:51:00Z">
          <reporter-output>
          </reporter-output>
        </test-method> <!-- elementUI -->
      </class> <!-- com.mycompany.app.SeleniumTest -->
      <class name="com.mycompany.app.RestAPITest">
        <test-method status="PASS" signature="deleteTwitter()[pri:0, instance:com.mycompany.app.RestAPITest@1fd3711]" name="deleteTwitter" duration-ms="7" started-at="2019-10-19T06:51:00Z" finished-at="2019-10-19T06:51:00Z">
          <reporter-output>
          </reporter-output>
        </test-method> <!-- deleteTwitter -->
        <test-method status="PASS" signature="postZira()[pri:0, instance:com.mycompany.app.RestAPITest@1fd3711]" name="postZira" duration-ms="0" started-at="2019-10-19T06:51:00Z" finished-at="2019-10-19T06:51:00Z">
          <reporter-output>
          </reporter-output>
        </test-method> <!-- postZira -->
      </class> <!-- com.mycompany.app.RestAPITest -->
    </test> <!-- Test -->
  </suite> <!-- Suite -->
</testng-results>
